<?xml version="1.0" encoding="UTF-8"?>
<coverage generated="1517510497347" clover="3.2.0">
  <project timestamp="1517510497347" name="All files">
    <metrics statements="19" coveredstatements="14" conditionals="4" coveredconditionals="2" methods="13" coveredmethods="8" elements="36" coveredelements="24" complexity="0" loc="19" ncloc="19" packages="2" files="5" classes="5">
      <package name="__testmocks__">
        <metrics statements="6" coveredstatements="4" conditionals="2" coveredconditionals="1" methods="5" coveredmethods="3"/>
        <file name="localStorage.mock.js" path="/home/bruno/zup/react-refunds/src/__testmocks__/localStorage.mock.js">
          <metrics statements="6" coveredstatements="4" conditionals="2" coveredconditionals="1" methods="5" coveredmethods="3"/>
          <line num="3" count="4" type="stmt"/>
          <line num="7" count="0" type="stmt"/>
          <line num="11" count="3" type="cond" truecount="1" falsecount="1"/>
          <line num="15" count="3" type="stmt"/>
          <line num="19" count="0" type="stmt"/>
          <line num="23" count="4" type="stmt"/>
        </file>
      </package>
      <package name="utils">
        <metrics statements="13" coveredstatements="10" conditionals="2" coveredconditionals="1" methods="8" coveredmethods="5"/>
        <file name="APIUtils.js" path="/home/bruno/zup/react-refunds/src/utils/APIUtils.js">
          <metrics statements="2" coveredstatements="2" conditionals="0" coveredconditionals="0" methods="1" coveredmethods="1"/>
          <line num="1" count="1" type="stmt"/>
          <line num="2" count="1" type="stmt"/>
        </file>
        <file name="AuthUtils.js" path="/home/bruno/zup/react-refunds/src/utils/AuthUtils.js">
          <metrics statements="3" coveredstatements="3" conditionals="0" coveredconditionals="0" methods="3" coveredmethods="3"/>
          <line num="2" count="1" type="stmt"/>
          <line num="5" count="1" type="stmt"/>
          <line num="8" count="1" type="stmt"/>
        </file>
        <file name="FormUtils.js" path="/home/bruno/zup/react-refunds/src/utils/FormUtils.js">
          <metrics statements="3" coveredstatements="1" conditionals="0" coveredconditionals="0" methods="2" coveredmethods="0"/>
          <line num="3" count="1" type="stmt"/>
          <line num="4" count="0" type="stmt"/>
          <line num="5" count="0" type="stmt"/>
        </file>
        <file name="FormatterUtils.js" path="/home/bruno/zup/react-refunds/src/utils/FormatterUtils.js">
          <metrics statements="5" coveredstatements="4" conditionals="2" coveredconditionals="1" methods="2" coveredmethods="1"/>
          <line num="1" count="1" type="stmt"/>
          <line num="2" count="0" type="stmt"/>
          <line num="9" count="1" type="stmt"/>
          <line num="10" count="2" type="stmt"/>
          <line num="17" count="2" type="cond" truecount="1" falsecount="1"/>
        </file>
      </package>
    </metrics>
  </project>
</coverage>
