TN:
SF:/home/bruno/zup/react-refunds/src/__testmocks__/localStorage.mock.js
FN:2,(anonymous_0)
FN:6,(anonymous_1)
FN:10,(anonymous_2)
FN:14,(anonymous_3)
FN:18,(anonymous_4)
FNF:5
FNH:3
FNDA:4,(anonymous_0)
FNDA:0,(anonymous_1)
FNDA:3,(anonymous_2)
FNDA:3,(anonymous_3)
FNDA:0,(anonymous_4)
DA:3,4
DA:7,0
DA:11,3
DA:15,3
DA:19,0
DA:23,4
LF:6
LH:4
BRDA:11,0,0,3
BRDA:11,0,1,0
BRF:2
BRH:1
end_of_record
TN:
SF:/home/bruno/zup/react-refunds/src/utils/APIUtils.js
FN:1,(anonymous_0)
FNF:1
FNH:1
FNDA:1,(anonymous_0)
DA:1,1
DA:2,1
LF:2
LH:2
BRF:0
BRH:0
end_of_record
TN:
SF:/home/bruno/zup/react-refunds/src/utils/AuthUtils.js
FN:1,isAuthenticated
FN:4,isAdmin
FN:7,isClient
FNF:3
FNH:3
FNDA:1,isAuthenticated
FNDA:1,isAdmin
FNDA:1,isClient
DA:2,1
DA:5,1
DA:8,1
LF:3
LH:3
BRF:0
BRH:0
end_of_record
TN:
SF:/home/bruno/zup/react-refunds/src/utils/FormUtils.js
FN:3,(anonymous_0)
FN:5,(anonymous_1)
FNF:2
FNH:0
FNDA:0,(anonymous_0)
FNDA:0,(anonymous_1)
DA:3,1
DA:4,0
DA:5,0
LF:3
LH:1
BRF:0
BRH:0
end_of_record
TN:
SF:/home/bruno/zup/react-refunds/src/utils/FormatterUtils.js
FN:1,(anonymous_0)
FN:9,(anonymous_1)
FNF:2
FNH:1
FNDA:0,(anonymous_0)
FNDA:2,(anonymous_1)
DA:1,1
DA:2,0
DA:9,1
DA:10,2
DA:17,2
LF:5
LH:4
BRDA:17,0,0,2
BRDA:17,0,1,0
BRF:2
BRH:1
end_of_record
